[debug] [2021-03-13T16:07:56.745Z] ----------------------------------------------------------------------
[debug] [2021-03-13T16:07:56.749Z] Command:       C:\Program Files\nodejs\node.exe C:\Users\HP\AppData\Roaming\npm\node_modules\firebase-tools\lib\bin\firebase.js init
[debug] [2021-03-13T16:07:56.750Z] CLI Version:   9.6.1
[debug] [2021-03-13T16:07:56.750Z] Platform:      win32
[debug] [2021-03-13T16:07:56.750Z] Node Version:  v14.16.0
[debug] [2021-03-13T16:07:56.752Z] Time:          Sat Mar 13 2021 08:07:56 GMT-0800 (Pacific Standard Time)
[debug] [2021-03-13T16:07:56.752Z] ----------------------------------------------------------------------
[debug] [2021-03-13T16:07:56.753Z] 
[debug] [2021-03-13T16:07:56.762Z] > command requires scopes: ["email","openid","https://www.googleapis.com/auth/cloudplatformprojects.readonly","https://www.googleapis.com/auth/firebase","https://www.googleapis.com/auth/cloud-platform"]
[debug] [2021-03-13T16:07:56.763Z] > authorizing via signed-in user
[info] 
     ######## #### ########  ######## ########     ###     ######  ########
     ##        ##  ##     ## ##       ##     ##  ##   ##  ##       ##
     ######    ##  ########  ######   ########  #########  ######  ######
     ##        ##  ##    ##  ##       ##     ## ##     ##       ## ##
     ##       #### ##     ## ######## ########  ##     ##  ######  ########

You're about to initialize a Firebase project in this directory:

  C:\Users\HP\.vscode

[info] 
=== Project Setup
[info] 
[info] First, let's associate this project directory with a Firebase project.
[info] You can create multiple project aliases by running firebase use --add, 
[info] but for now we'll just set up a default project.
[info] 
